!SESSION 2018-11-13 19:55:57.507 -----------------------------------------------
eclipse.buildId=unknown
java.version=1.8.0_65
java.vendor=Oracle Corporation
BootLoader constants: OS=linux, ARCH=arm, WS=gtk, NL=fr_FR

!ENTRY org.eclipse.osgi 4 0 2018-11-13 19:55:58.076
!MESSAGE The -clean (osgi.clean) option was not successful. Unable to clean the storage area: /gateway/mn-cse/configuration/org.eclipse.osgi

!ENTRY org.eclipse.osgi 4 0 2018-11-13 19:55:58.108
!MESSAGE Error reading configuration: /gateway/mn-cse/configuration/org.eclipse.osgi/.manager/.fileTableLock (Permission non accordée)
!STACK 0
java.io.FileNotFoundException: /gateway/mn-cse/configuration/org.eclipse.osgi/.manager/.fileTableLock (Permission non accordée)
	at java.io.RandomAccessFile.open0(Native Method)
	at java.io.RandomAccessFile.open(RandomAccessFile.java:316)
	at java.io.RandomAccessFile.<init>(RandomAccessFile.java:243)
	at org.eclipse.osgi.internal.location.Locker_JavaNio.lock(Locker_JavaNio.java:36)
	at org.eclipse.osgi.storagemanager.StorageManager.lock(StorageManager.java:388)
	at org.eclipse.osgi.storagemanager.StorageManager.open(StorageManager.java:701)
	at org.eclipse.osgi.storage.Storage.getChildStorageManager(Storage.java:1749)
	at org.eclipse.osgi.storage.Storage.getInfoInputStream(Storage.java:1766)
	at org.eclipse.osgi.storage.Storage.<init>(Storage.java:126)
	at org.eclipse.osgi.storage.Storage.createStorage(Storage.java:85)
	at org.eclipse.osgi.internal.framework.EquinoxContainer.<init>(EquinoxContainer.java:75)
	at org.eclipse.osgi.launch.Equinox.<init>(Equinox.java:31)
	at org.eclipse.core.runtime.adaptor.EclipseStarter.startup(EclipseStarter.java:295)
	at org.eclipse.core.runtime.adaptor.EclipseStarter.run(EclipseStarter.java:231)
	at sun.reflect.NativeMethodAccessorImpl.invoke0(Native Method)
	at sun.reflect.NativeMethodAccessorImpl.invoke(NativeMethodAccessorImpl.java:62)
	at sun.reflect.DelegatingMethodAccessorImpl.invoke(DelegatingMethodAccessorImpl.java:43)
	at java.lang.reflect.Method.invoke(Method.java:497)
	at org.eclipse.equinox.launcher.Main.invokeFramework(Main.java:648)
	at org.eclipse.equinox.launcher.Main.basicRun(Main.java:603)
	at org.eclipse.equinox.launcher.Main.run(Main.java:1465)
	at org.eclipse.equinox.launcher.Main.main(Main.java:1438)
